mode: set
github.com/dgruber/ubercluster/cmd/dockerproxy/proxy.go:17.28,19.22 2 0
github.com/dgruber/ubercluster/cmd/dockerproxy/proxy.go:22.2,23.16 2 0
github.com/dgruber/ubercluster/cmd/dockerproxy/proxy.go:26.2,26.44 1 0
github.com/dgruber/ubercluster/cmd/dockerproxy/proxy.go:19.22,21.3 1 0
github.com/dgruber/ubercluster/cmd/dockerproxy/proxy.go:23.16,25.3 1 0
github.com/dgruber/ubercluster/cmd/dockerproxy/proxy.go:29.68,35.2 1 1
github.com/dgruber/ubercluster/cmd/dockerproxy/proxy.go:37.78,38.32 1 1
github.com/dgruber/ubercluster/cmd/dockerproxy/proxy.go:41.2,41.28 1 1
github.com/dgruber/ubercluster/cmd/dockerproxy/proxy.go:38.32,40.3 1 0
github.com/dgruber/ubercluster/cmd/dockerproxy/proxy.go:44.95,45.19 1 1
github.com/dgruber/ubercluster/cmd/dockerproxy/proxy.go:68.2,68.17 1 1
github.com/dgruber/ubercluster/cmd/dockerproxy/proxy.go:46.17,48.17 2 1
github.com/dgruber/ubercluster/cmd/dockerproxy/proxy.go:51.3,51.30 1 1
github.com/dgruber/ubercluster/cmd/dockerproxy/proxy.go:52.16,54.17 2 1
github.com/dgruber/ubercluster/cmd/dockerproxy/proxy.go:57.3,57.28 1 1
github.com/dgruber/ubercluster/cmd/dockerproxy/proxy.go:58.19,60.17 2 1
github.com/dgruber/ubercluster/cmd/dockerproxy/proxy.go:63.3,63.31 1 1
github.com/dgruber/ubercluster/cmd/dockerproxy/proxy.go:64.10,66.54 2 1
github.com/dgruber/ubercluster/cmd/dockerproxy/proxy.go:48.17,50.4 1 0
github.com/dgruber/ubercluster/cmd/dockerproxy/proxy.go:54.17,56.4 1 0
github.com/dgruber/ubercluster/cmd/dockerproxy/proxy.go:60.17,62.4 1 0
github.com/dgruber/ubercluster/cmd/dockerproxy/proxy.go:71.90,73.2 1 0
github.com/dgruber/ubercluster/cmd/dockerproxy/proxy.go:75.57,77.2 1 0
github.com/dgruber/ubercluster/cmd/dockerproxy/proxy.go:79.76,81.2 1 1
github.com/dgruber/ubercluster/cmd/dockerproxy/proxy.go:83.70,85.2 1 1
github.com/dgruber/ubercluster/cmd/dockerproxy/proxy.go:87.68,89.2 1 1
github.com/dgruber/ubercluster/cmd/dockerproxy/proxy.go:91.54,93.2 1 1
github.com/dgruber/ubercluster/cmd/dockerproxy/proxy.go:95.38,97.2 1 1
github.com/dgruber/ubercluster/cmd/dockerproxy/proxy.go:99.35,101.2 1 1
github.com/dgruber/ubercluster/cmd/dockerproxy/proxy.go:103.36,105.2 1 1
github.com/dgruber/ubercluster/cmd/dockerproxy/run.go:12.84,18.36 4 1
github.com/dgruber/ubercluster/cmd/dockerproxy/run.go:22.2,26.17 4 1
github.com/dgruber/ubercluster/cmd/dockerproxy/run.go:18.36,20.3 1 0
github.com/dgruber/ubercluster/cmd/dockerproxy/run.go:29.60,31.16 2 1
github.com/dgruber/ubercluster/cmd/dockerproxy/run.go:34.2,34.12 1 1
github.com/dgruber/ubercluster/cmd/dockerproxy/run.go:31.16,33.3 1 0
github.com/dgruber/ubercluster/cmd/dockerproxy/run.go:37.70,39.16 2 1
github.com/dgruber/ubercluster/cmd/dockerproxy/run.go:42.2,42.28 1 1
github.com/dgruber/ubercluster/cmd/dockerproxy/run.go:49.2,49.19 1 1
github.com/dgruber/ubercluster/cmd/dockerproxy/run.go:39.16,41.3 1 0
github.com/dgruber/ubercluster/cmd/dockerproxy/run.go:42.28,43.34 1 1
github.com/dgruber/ubercluster/cmd/dockerproxy/run.go:43.34,44.20 1 0
github.com/dgruber/ubercluster/cmd/dockerproxy/run.go:44.20,46.5 1 0
github.com/dgruber/ubercluster/cmd/dockerproxy/run.go:52.63,53.26 1 1
github.com/dgruber/ubercluster/cmd/dockerproxy/run.go:57.2,58.16 2 1
github.com/dgruber/ubercluster/cmd/dockerproxy/run.go:62.2,62.29 1 1
github.com/dgruber/ubercluster/cmd/dockerproxy/run.go:69.2,70.16 2 1
github.com/dgruber/ubercluster/cmd/dockerproxy/run.go:74.2,75.16 2 1
github.com/dgruber/ubercluster/cmd/dockerproxy/run.go:78.2,78.21 1 1
github.com/dgruber/ubercluster/cmd/dockerproxy/run.go:53.26,55.3 1 0
github.com/dgruber/ubercluster/cmd/dockerproxy/run.go:58.16,60.3 1 0
github.com/dgruber/ubercluster/cmd/dockerproxy/run.go:62.29,64.22 2 1
github.com/dgruber/ubercluster/cmd/dockerproxy/run.go:64.22,66.4 1 1
github.com/dgruber/ubercluster/cmd/dockerproxy/run.go:70.16,72.3 1 0
github.com/dgruber/ubercluster/cmd/dockerproxy/run.go:75.16,77.3 1 0
github.com/dgruber/ubercluster/cmd/dockerproxy/config.go:13.46,15.30 2 1
github.com/dgruber/ubercluster/cmd/dockerproxy/config.go:18.2,19.25 2 1
github.com/dgruber/ubercluster/cmd/dockerproxy/config.go:23.2,26.15 2 1
github.com/dgruber/ubercluster/cmd/dockerproxy/config.go:15.30,17.3 1 0
github.com/dgruber/ubercluster/cmd/dockerproxy/config.go:19.25,21.3 1 1
github.com/dgruber/ubercluster/cmd/dockerproxy/docker_interface.go:32.206,34.2 1 0
github.com/dgruber/ubercluster/cmd/dockerproxy/docker_interface.go:36.97,38.2 1 0
github.com/dgruber/ubercluster/cmd/dockerproxy/docker_interface.go:40.59,42.2 1 0
github.com/dgruber/ubercluster/cmd/dockerproxy/docker_interface.go:44.61,46.2 1 0
github.com/dgruber/ubercluster/cmd/dockerproxy/docker_interface.go:48.82,50.2 1 0
github.com/dgruber/ubercluster/cmd/dockerproxy/docker_interface.go:52.97,54.2 1 0
github.com/dgruber/ubercluster/cmd/dockerproxy/docker_interface.go:56.85,58.2 1 0
github.com/dgruber/ubercluster/cmd/dockerproxy/docker_interface.go:60.99,62.2 1 0
github.com/dgruber/ubercluster/cmd/dockerproxy/docker_interface.go:64.88,66.2 1 0
github.com/dgruber/ubercluster/cmd/dockerproxy/docker_interface.go:68.41,70.2 1 0
github.com/dgruber/ubercluster/cmd/dockerproxy/docker_interface.go:72.62,74.16 2 0
github.com/dgruber/ubercluster/cmd/dockerproxy/docker_interface.go:77.2,77.41 1 0
github.com/dgruber/ubercluster/cmd/dockerproxy/docker_interface.go:74.16,76.3 1 0
github.com/dgruber/ubercluster/cmd/dockerproxy/dockerproxy.go:31.13,32.22 1 1
github.com/dgruber/ubercluster/cmd/dockerproxy/dockerproxy.go:32.22,34.3 1 1
github.com/dgruber/ubercluster/cmd/dockerproxy/dockerproxy.go:50.13,53.17 2 0
github.com/dgruber/ubercluster/cmd/dockerproxy/dockerproxy.go:57.2,58.16 2 0
github.com/dgruber/ubercluster/cmd/dockerproxy/dockerproxy.go:63.2,71.71 7 0
github.com/dgruber/ubercluster/cmd/dockerproxy/dockerproxy.go:53.17,55.3 1 0
github.com/dgruber/ubercluster/cmd/dockerproxy/dockerproxy.go:58.16,61.3 2 0
github.com/dgruber/ubercluster/cmd/dockerproxy/images.go:8.54,10.16 2 1
github.com/dgruber/ubercluster/cmd/dockerproxy/images.go:13.2,14.31 2 1
github.com/dgruber/ubercluster/cmd/dockerproxy/images.go:17.2,17.26 1 1
github.com/dgruber/ubercluster/cmd/dockerproxy/images.go:10.16,12.3 1 0
github.com/dgruber/ubercluster/cmd/dockerproxy/images.go:14.31,16.3 1 1
github.com/dgruber/ubercluster/cmd/dockerproxy/jobinfo.go:14.57,16.16 2 0
github.com/dgruber/ubercluster/cmd/dockerproxy/jobinfo.go:19.2,20.16 2 0
github.com/dgruber/ubercluster/cmd/dockerproxy/jobinfo.go:23.2,23.47 1 0
github.com/dgruber/ubercluster/cmd/dockerproxy/jobinfo.go:16.16,18.3 1 0
github.com/dgruber/ubercluster/cmd/dockerproxy/jobinfo.go:20.16,22.3 1 0
github.com/dgruber/ubercluster/cmd/dockerproxy/jobinfo.go:26.82,28.16 2 0
github.com/dgruber/ubercluster/cmd/dockerproxy/jobinfo.go:31.2,31.58 1 0
github.com/dgruber/ubercluster/cmd/dockerproxy/jobinfo.go:28.16,30.3 1 0
github.com/dgruber/ubercluster/cmd/dockerproxy/jobinfo.go:34.96,36.16 2 0
github.com/dgruber/ubercluster/cmd/dockerproxy/jobinfo.go:39.2,39.24 1 0
github.com/dgruber/ubercluster/cmd/dockerproxy/jobinfo.go:36.16,38.3 1 0
github.com/dgruber/ubercluster/cmd/dockerproxy/jobinfo.go:42.83,43.33 1 0
github.com/dgruber/ubercluster/cmd/dockerproxy/jobinfo.go:48.2,48.12 1 0
github.com/dgruber/ubercluster/cmd/dockerproxy/jobinfo.go:43.33,44.22 1 0
github.com/dgruber/ubercluster/cmd/dockerproxy/jobinfo.go:44.22,46.4 1 0
github.com/dgruber/ubercluster/cmd/dockerproxy/jobinfo.go:51.119,53.28 2 0
github.com/dgruber/ubercluster/cmd/dockerproxy/jobinfo.go:56.2,56.12 1 0
github.com/dgruber/ubercluster/cmd/dockerproxy/jobinfo.go:53.28,55.3 1 0
github.com/dgruber/ubercluster/cmd/dockerproxy/jobinfo.go:59.106,61.45 2 0
github.com/dgruber/ubercluster/cmd/dockerproxy/jobinfo.go:64.2,72.68 7 0
github.com/dgruber/ubercluster/cmd/dockerproxy/jobinfo.go:84.2,95.12 2 0
github.com/dgruber/ubercluster/cmd/dockerproxy/jobinfo.go:61.45,63.3 1 0
github.com/dgruber/ubercluster/cmd/dockerproxy/jobinfo.go:72.68,75.30 3 0
github.com/dgruber/ubercluster/cmd/dockerproxy/jobinfo.go:78.3,78.62 1 0
github.com/dgruber/ubercluster/cmd/dockerproxy/jobinfo.go:81.3,81.92 1 0
github.com/dgruber/ubercluster/cmd/dockerproxy/jobinfo.go:75.30,77.4 1 0
github.com/dgruber/ubercluster/cmd/dockerproxy/jobinfo.go:78.62,80.4 1 0
github.com/dgruber/ubercluster/cmd/dockerproxy/joboperations.go:7.48,10.16 3 1
github.com/dgruber/ubercluster/cmd/dockerproxy/joboperations.go:13.2,13.12 1 1
github.com/dgruber/ubercluster/cmd/dockerproxy/joboperations.go:10.16,12.3 1 0
github.com/dgruber/ubercluster/cmd/dockerproxy/joboperations.go:16.49,18.16 2 1
github.com/dgruber/ubercluster/cmd/dockerproxy/joboperations.go:21.2,21.12 1 1
github.com/dgruber/ubercluster/cmd/dockerproxy/joboperations.go:18.16,20.3 1 0
github.com/dgruber/ubercluster/cmd/dockerproxy/joboperations.go:24.51,26.16 2 1
github.com/dgruber/ubercluster/cmd/dockerproxy/joboperations.go:29.2,29.12 1 1
github.com/dgruber/ubercluster/cmd/dockerproxy/joboperations.go:26.16,28.3 1 0
